compute-1-1.localdomain

GPU 0: NVIDIA A100 80GB PCIe (UUID: GPU-fd7e14c3-91ce-6c4b-e736-393c0d0537ef)
  MIG: Field "uuid" is not a valid field to query.
  MIG: 
  MIG 4g.40gb     Device  0: (UUID: MIG-0dd7cc8d-bef1-51bb-8790-19fb03bacf66)
  MIG: Field "uuid" is not a valid field to query.
  MIG: 
  MIG 3g.40gb     Device  1: (UUID: MIG-67a1ee11-1ab0-511a-ac0f-c81bdbd05f7e)
  No MIG instances found.
GPU 1: NVIDIA A100 80GB PCIe (UUID: GPU-49723f5b-3680-6d21-0357-4b7bf88ad0e7)
  No MIG instances found.
  MIG 2g.20gb     Device  0: (UUID: MIG-f184e443-af81-5f32-bad0-527cd20eb031)
  No MIG instances found.
  MIG 1g.20gb     Device  1: (UUID: MIG-8721230f-e004-50bd-b720-915f56b60dc6)
  No MIG instances found.
  MIG 1g.10gb     Device  2: (UUID: MIG-a444fcc0-f725-530b-9ffb-97805cefb734)
  No MIG instances found.
  MIG 1g.10gb     Device  3: (UUID: MIG-10685134-19fb-5361-83da-7bdc9b8242ba)
  No MIG instances found.
  MIG 1g.10gb     Device  4: (UUID: MIG-a5ff4856-76ba-5d4a-bc36-d6c908a95b14)
  No MIG instances found.
  MIG 1g.10gb     Device  5: (UUID: MIG-d65b56b1-2519-5354-96ae-aec5f0e41128)
  No MIG instances found.
Mon May 20 20:02:01 2024       
+---------------------------------------------------------------------------------------+
| NVIDIA-SMI 545.23.08              Driver Version: 545.23.08    CUDA Version: 12.3     |
|-----------------------------------------+----------------------+----------------------+
| GPU  Name                 Persistence-M | Bus-Id        Disp.A | Volatile Uncorr. ECC |
| Fan  Temp   Perf          Pwr:Usage/Cap |         Memory-Usage | GPU-Util  Compute M. |
|                                         |                      |               MIG M. |
|=========================================+======================+======================|
|   0  NVIDIA A100 80GB PCIe          On  | 00000000:21:00.0 Off |                  Off |
| N/A   38C    P0              64W / 300W |    322MiB / 81920MiB |     N/A      Default |
|                                         |                      |              Enabled |
+-----------------------------------------+----------------------+----------------------+
|   1  NVIDIA A100 80GB PCIe          On  | 00000000:81:00.0 Off |                  Off |
| N/A   33C    P0              63W / 300W |     87MiB / 81920MiB |     N/A      Default |
|                                         |                      |              Enabled |
+-----------------------------------------+----------------------+----------------------+

+---------------------------------------------------------------------------------------+
| MIG devices:                                                                          |
+------------------+--------------------------------+-----------+-----------------------+
| GPU  GI  CI  MIG |                   Memory-Usage |        Vol|      Shared           |
|      ID  ID  Dev |                     BAR1-Usage | SM     Unc| CE ENC DEC OFA JPG    |
|                  |                                |        ECC|                       |
|==================+================================+===========+=======================|
|  0    1   0   0  |             285MiB / 40192MiB  | 56    N/A |  4   0    2    0    0 |
|                  |               3MiB / 65535MiB  |           |                       |
+------------------+--------------------------------+-----------+-----------------------+
|  0    2   0   1  |              37MiB / 40192MiB  | 42    N/A |  3   0    2    0    0 |
|                  |               0MiB / 65535MiB  |           |                       |
+------------------+--------------------------------+-----------+-----------------------+
|  1    5   0   0  |              24MiB / 19968MiB  | 28    N/A |  2   0    1    0    0 |
|                  |               0MiB / 32767MiB  |           |                       |
+------------------+--------------------------------+-----------+-----------------------+
|  1    6   0   1  |              12MiB / 19968MiB  | 14    N/A |  1   0    1    0    0 |
|                  |               0MiB / 32767MiB  |           |                       |
+------------------+--------------------------------+-----------+-----------------------+
|  1    7   0   2  |              12MiB /  9728MiB  | 14    N/A |  1   0    0    0    0 |
|                  |               0MiB / 16383MiB  |           |                       |
+------------------+--------------------------------+-----------+-----------------------+
|  1    8   0   3  |              12MiB /  9728MiB  | 14    N/A |  1   0    0    0    0 |
|                  |               0MiB / 16383MiB  |           |                       |
+------------------+--------------------------------+-----------+-----------------------+
|  1    9   0   4  |              12MiB /  9728MiB  | 14    N/A |  1   0    0    0    0 |
|                  |               0MiB / 16383MiB  |           |                       |
+------------------+--------------------------------+-----------+-----------------------+
|  1   10   0   5  |              12MiB /  9728MiB  | 14    N/A |  1   0    0    0    0 |
|                  |               0MiB / 16383MiB  |           |                       |
+------------------+--------------------------------+-----------+-----------------------+
                                                                                         
+---------------------------------------------------------------------------------------+
| Processes:                                                                            |
|  GPU   GI   CI        PID   Type   Process name                            GPU Memory |
|        ID   ID                                                             Usage      |
|=======================================================================================|
|    0    1    0     783388      C   python                                      226MiB |
+---------------------------------------------------------------------------------------+
Allocated GPU Memory: 0.00 GB
Cached GPU Memory: 0.00 GB
Set of size 20
Cuda -

kernel call: ./a.out 50 1 5

0
Number of rows in the CSV file:  51587 502
